查找标签成功！
查看所有博客。
执行查找所有博客成功！
执行查找所有博客成功！共查到 2 条博客
查找标签成功！
查看所有博客。
执行查找所有博客成功！
执行查找所有博客成功！共查到 2 条博客
查找标签成功！
新增一篇博客！
执行插入博客成功！
插入成功！
查找标签成功！
查看所有博客。
执行查找所有博客成功！
执行查找所有博客成功！共查到 3 条博客
查找标签成功！
查看所有博客。
执行查找所有博客成功！
执行查找所有博客成功！共查到 3 条博客
查id 为3 的一篇博客
查到一条博客
查看所有博客。
执行查找所有博客成功！
执行查找所有博客成功！共查到 3 条博客
查id 为3 的一篇博客
查到一条博客
修改id为3的博客！
更新博客成功！
查看所有博客。
执行查找所有博客成功！
执行查找所有博客成功！共查到 3 条博客
查找标签成功！
查看所有博客。
执行查找所有博客成功！
执行查找所有博客成功！共查到 3 条博客
查id 为3 的一篇博客
查到一条博客
查找标签成功！
查看所有博客。
执行查找所有博客成功！
执行查找所有博客成功！共查到 3 条博客
查找标签成功！
查看所有博客。
执行查找所有博客成功！
执行查找所有博客成功！共查到 3 条博客
查看所有博客。
执行查找所有博客成功！
执行查找所有博客成功！共查到 1 条博客
查看所有博客。
执行查找所有博客成功！
执行查找所有博客成功！共查到 1 条博客
查看所有博客。
执行查找所有博客成功！
执行查找所有博客成功！共查到 0 条博客
查看所有博客。
执行查找所有博客成功！
执行查找所有博客成功！共查到 0 条博客
查看所有博客。
执行查找所有博客成功！
执行查找所有博客成功！共查到 1 条博客
查看所有博客。
执行查找所有博客成功！
执行查找所有博客成功！共查到 0 条博客
查看所有博客。
执行查找所有博客成功！
执行查找所有博客成功！共查到 0 条博客
查看所有博客。
执行查找所有博客成功！
执行查找所有博客成功！共查到 1 条博客
查看所有博客。
执行查找所有博客成功！
执行查找所有博客成功！共查到 0 条博客
查看所有博客。
执行查找所有博客成功！
执行查找所有博客成功！共查到 0 条博客
查看所有博客。
执行查找所有博客成功！
执行查找所有博客成功！共查到 1 条博客
查找标签成功！
查看所有博客。
执行查找所有博客成功！
执行查找所有博客成功！共查到 3 条博客
查找标签成功！
查看所有博客。
执行查找所有博客成功！
执行查找所有博客成功！共查到 3 条博客
查id 为2 的一篇博客
查到一条博客
查找标签成功！
查看所有博客。
执行查找所有博客成功！
执行查找所有博客成功！共查到 3 条博客
查id 为2 的一篇博客
查到一条博客
查找标签成功！
查看所有博客。
执行查找所有博客成功！
执行查找所有博客成功！共查到 3 条博客
查id 为2 的一篇博客
查到一条博客
查找标签成功！
新增一篇博客！
执行插入博客成功！
插入成功！
查找标签成功！
查看所有博客。
执行查找所有博客成功！
执行查找所有博客成功！共查到 4 条博客
查id 为4 的一篇博客
查到一条博客
修改id为4的博客！
更新博客成功！
查看所有博客。
执行查找所有博客成功！
执行查找所有博客成功！共查到 4 条博客
查id 为4 的一篇博客
查到一条博客
修改id为4的博客！
更新博客成功！
查看所有博客。
执行查找所有博客成功！
执行查找所有博客成功！共查到 4 条博客
查找标签成功！
查看所有博客。
执行查找所有博客成功！
执行查找所有博客成功！共查到 4 条博客
查找标签成