查看所有店铺信息！执行查找所有shop成功！
执行查找所有店铺成功！共查到 2 个店铺
查看所有店铺信息！执行查找所有shop成功！
执行查找所有店铺成功！共查到 2 个店铺
查看所有店铺信息！执行查找所有shop成功！
执行查找所有店铺成功！共查到 2 个店铺
查看所有店铺信息！执行查找所有shop成功！
执行查找所有店铺成功！共查到 2 个店铺
查看所有店铺信息！执行查找所有shop成功！
执行查找所有店铺成功！共查到 2 个店铺
查看所有店铺信息！执行查找所有shop成功！
执行查找所有店铺成功！共查到 2 个店铺
查看所有店铺信息！执行查找所有shop成功！
执行查找所有店铺成功！共查到 2 个店铺
查看所有店铺信息！执行查找所有shop成功！
执行查找所有店铺成功！共查到 2 个店铺
查看所有店铺信息！执行查找所有shop成功！
执行查找所有店铺成功！共查到 2 个店铺
查看所有店铺信息！执行查找所有shop成功！
执行查找所有店铺成功！共查到 2 个店铺
查看所有店铺信息！执行查找所有shop成功！
执行查找所有店铺成功！共查到 2 个店铺
查看所有店铺信息！执行查找所有shop成功！
执行查找所有店铺成功！共查到 2 个店铺
查看所有店铺信息！执行查找所有shop成功！
执行查找所有店铺成功！共查到 2 个店铺
查看所有店铺信息！执行查找所有shop成功！
执行查找所有店铺成功！共查到 2 个店铺
查看所有店铺信息！执行查找所有shop成功！
执行查找所有店铺成功！共查到 2 个店铺
查看所有店铺信息！执行查找所有shop成功！
执行查找所有店铺成功！共查到 2 个店铺
查看所有店铺信息！执行查找所有shop成功！
执行查找所有店铺成功！共查到 2 个店铺
查看所有店铺信息！执行查找所有shop成功！
执行查找所有店铺成功！共查到 2 个店铺
查看所有店铺信息！执行查找所有shop成功！
执行查找所有店铺成功！共查到 2 个店铺
查看所有店铺信息！执行查找所有shop成功！
执行查找所有店铺成功！共查到 2 个店铺
查看所有店铺信息！执行查找所有shop成功！
执行查找所有店铺成功！共查到 2 个店铺
查看所有店铺信息！执行查找所有shop成功！
执行查找所有店铺成功！共查到 2 个店铺
查看所有店铺信息！执行查找所有shop成功！
执行查找所有店铺成功！共查到 2 个店铺
查看所有店铺信息！执行查找所有shop成功！
执行查找所有店铺成功！共查到 2 个店铺
查看所有店铺信息！执行查找所有shop成功！
执行查找所有店铺成功！共查到 2 个店铺
查看所有店铺信息！执行查找所有shop成功！
执行查找所有店铺成功！共查到 2 个店铺
查看所有店铺信息！执行查找所有shop成功！
执行查找所有店铺成功！共查到 2 个店铺
查看所有店铺信息！执行查找所有shop成功！
执行查找所有店铺成功！共查到 2 个店铺
查看所有店铺信息！执行查找所有shop成功！
执行查找所有店铺成功！共查到 2 个店铺
修改id为9 的店铺信息
更新距离信息成功！
查看所有店铺信息！执行查找所有shop成功！
执行查找所有店铺成功！共查到 2 个店铺
查看所有店铺信息！执行查找所有shop成功！
执行查找所有店铺成功！共查到 2 个店铺
查看所有店铺信息！执行查找所有shop成功！
执行查找所有店铺成功！共查到 2 个店铺
修改id为9 的店铺信息
更新距离信息成功！
修改id为1 的店铺信息
更新距离信息成功！
查看所有店铺信息！执行查找所有shop成功！
执行查找所有店铺成功！共查到 2 个店铺
查看所有店铺信息！执行查找所有shop成功！
执行查找所有店铺成功！共查到 2 个店铺
查看所有店铺信息！执行查找所有shop成功！
执行查找所有店铺成功！共查到 2 个店铺
查看所有店铺信息！执行查找所有shop成功！
执行查找所有店铺成功！共查到 2 个店铺
查看所有店铺信息！执行查找所有shop成功！
执行查找所有店铺成功！共查到 2 个店铺
查看所有店铺信息！执行查找所有shop成功！
执行查找所有店铺成功！共查到 2 个店铺
查看所有店铺信息！执行查找所有shop成功！
执行查找所有店铺成功！共查到 2 个店铺
查看所有店铺信息！执行查找所有shop成功！
执行查找所有店铺成功！共查到 2 个店铺
查看所有店铺信息！执行查找所有shop成功！
执行查找所有店铺成功！共查到 2 个店铺
查看所有店铺信息！执行查找所有shop成功！
执行查找所有店铺成功！共查到 2 个店铺
查看所有店铺信息！执行查找所有shop成功！
执行查找所有店铺成功！共查到 2 个店铺
查看所有店铺信息！执行查找所有shop成功！
执行查找所有店铺成功！共查到 2 个店铺
查看所有店铺信息！执行查找所有shop成功！
执行查找所有店铺成功！共查到 2 个店铺
查看所有店铺信息！执行查找所有shop成功！
执行查找所有店铺成功！共查到 2 个店铺
查看所有店铺信息！执行查找所有shop成功！
执行查找所有店铺成功！共查到 2 个店铺
查看所有店铺信息！执行查找所有shop成功！
执行查找所有店铺成功！共查到 2 个店铺
查看所有店铺信息！执行查找所有shop成功！
执行查找所有店铺成功！共查到 2 个店铺
查看所有店铺信息！执行查找所有shop成功！
执行查找所有店铺成功！共查到 2 个店铺
查看所有店铺信息！执行查找所有shop成功！
执行查找所有店铺成功！共查到 2 个店铺
查看所有店铺信息！执行查找所有shop成功！
执行查找所有店铺成功！共查到 2 个店铺
查看所有店铺信息！执行查找所有shop成功！
执行查找所有店铺成功！共查到 2 个店铺
查看所有店铺信息！执行查找所有shop成功！
执行查找所有店铺成功！共查到 2 个店铺
查看所有店铺信息！执行查找所有shop成功！
执行查找所有店铺成功！共查到 2 个店铺
查看所有店铺信息！执行查找所有shop成功！
执行查找所有店铺成功！共查到 2 个店铺
查看所有店铺信息！执行查找所有shop成功！
执行查找所有店铺成功！共查到 2 个店铺
查看所有店铺信息！执行查找所有shop成功！
执行查找所有店铺成功！共查到 2 个店铺
查看所有店铺信息！执行查找所有shop成功！
执行查找所有店铺成功！共查到 2 个店铺
查看所有店铺信息！执行查找所有shop成功！
执行查找所有店铺成功！共查到 2 个店铺
查看所有店铺信息！执行查找所有shop成功！
执行查找所有店铺成功！共查到 2 个店铺
查看所有店铺信息！执行查找所有shop成功！
执行查找所有店铺成功！共查到 2 个店铺
查看所有店铺信息！执行查找所有shop成功！
执行查找所有店铺成功！共查到 2 个店铺
查看所有店铺信息！执行查找所有shop成功！
执行查找所有店铺成功！共查到 2 个店铺
查看所有店铺信息！执行查找所有shop成功！
执行查找所有店铺成功！共查到 2 个店铺
查看所有店铺信息！执行查找所有shop成功！
执行查找所有店铺成功！共查到 2 个店铺
查看所有店铺信息！执行查找所有shop成功！
执行查找所有店铺成功！共查到 2 个店铺
查看所有店铺信息！执行查找所有shop成功！
执行查找所有店铺成功！共查到 2 个店铺
查看所有店铺信息！执行查找所有shop成功！
执行查找所有店铺成功！共查到 2 个店铺
查看所有店铺信息！执行查找所有shop成功！
执行查找所有店铺成功！共查到 2 个店铺
查看所有店铺信息！执行查找所有shop成功！
执行查找所有店铺成功！共查到 2 个店铺
查看所有店铺信息！执行查找所有shop成功！
执行查找所有店铺成功！共查到 2 个店铺
查看所有店铺信息！执行查找所有shop成功！
执行查找所有店铺成功！共查到 2 个店铺
查看所有店铺信息！执行查找所有shop成功！
执行查找所有店铺成功！共查到 2 个店铺
查看所有店铺信息！执行查找所有shop成功！
执行查找所有店铺成功！共查到 2 个店铺
查看所有店铺信息！执行查找所有shop成功！
执行查找所有店铺成功！共查到 2 个店铺
查看所有店铺信息！执行查找所有shop成功！
执行查找所有店铺成功！共查到 2 个店铺
查看所有店铺信息！执行查找所有shop成功！
执行查找所有店铺成功！共查到 2 个店铺
查看所有店铺信息！执行查找所有shop成功！
执行查找所有店铺成功！共查到 2 个店铺
查看所有店铺信息！执行查找所有shop成功！
执行查找所有店铺成功！共查到 2 个店铺
查看所有店铺信息！执行查找所有shop成功！
执行查找所有店铺成功！共查到 2 个店铺
查看所有店铺信息！执行查找所有shop成功！
执行查找所有店铺成功！共查到 2 个店铺
查看所有店铺信息！执行查找所有shop成功！
执行查找所有店铺成功！共查到 2 个店铺
查看所有店铺信息！执行查找所有shop成功！
执行查找所有店铺成功！共查到 2 个店铺
修改id为1 的店铺信息
更新距离信息成功！
查看所有店铺信息！执行查找所有shop成功！
执行查找所有店铺成功！共查到 2 个店铺
修改id为1 的店铺信息
更新距离信息成功！
查看所有店铺信息！执行查找所有shop成功！
执行查找所有店铺成功！共查到 2 个店铺
查看所有店铺信息！执行查找所有shop成功！
执行查找所有店铺成功！共查到 2 个店铺
查看所有店铺信息！执行查找所有shop成功！
执行查找所有店铺成功！共查到 2 个店铺
查看所有店铺信息！执行查找所有shop成功！
执行查找所有店铺成功！共查到 2 个店铺
查看所有店铺信息！执行查找所有shop成功！
执行查找所有店铺成功！共查到 2 个店铺
查看所有店铺信息！执行查找所有shop成功！
执行查找所有店铺成功！共查到 2 个店铺
执行插入位置成功！
插入成功！
查看所有店铺信息！执行查找所有shop成功！
执行查找所有店铺成功！共查到 3 个店铺
修改id为3 的店铺信息
更新距离信息成功！
查看所有店铺信息！执行查找所有shop成功！
执行查找所有店铺成功！共查到 3 个店铺
查看所有店铺信息！执行查找所有shop成功！
执行查找所有店铺成功！共查到 3 个店铺
请求数据格式有误{"name":"3","lng":0,"lat":0,"range_meter":500,"color":"green"}
查看所有店铺信息！执行查找所有shop成功！
执行查找所有店铺成功！共查到 3 个店铺
请求数据格式有误{"name":"","lng":0,"lat":0,"range_meter":500,"color":"green"}
请求数据格式有误{"name":"","lng":0,"lat":0,"range_meter":500,"color":"green"}
请求数据格式有误{"name":"","lng":0,"lat":0,"range_meter":500,"color":"green"}
查看所有店铺信息！执行查找所有shop成功！
执行查找所有店铺成功！共查到 3 个店铺
查看所有店铺信息！执行查找所有shop成功！
执行查找所有店铺成功！共查到 3 个店铺
修改id为1 的店铺信息
更新距离信息成功！
查看所有店铺信息！执行查找所有shop成功！
执行查找所有店铺成功！共查到 3 个店铺
修改id为3 的店铺信息
更新距离信息成功！
查看所有店铺信息！执行查找所有shop成功！
执行查找所有店铺成功！共查到 3 个店铺
执行插入位置成功！
插入成功！
查看所有店铺信息！执行查找所有shop成功！
执行查找所有店铺成功！共查到 4 个店铺
查看所有店铺信息！执行查找所有shop成功！
执行查找所有店铺成功！共查到 4 个店铺
修改id为4 的店铺信息
更新距离信息失败！ Data too long for column 'color' at row 1
修改id为4 的店铺信息
更新距离信息失败！ Data too long for column 'color' at row 1
修改id为4 的店铺信息
更新距离信息失败！ Data too long for column 'color' at row 1
修改id为4 的店铺信息
更新距离信息失败！ Data too long for column 'color' at row 1
修改id为4 的店铺信息
更新距离信息失败！ Data too long for column 'color' at row 1
修改id为4 的店铺信息
更新距离信息失败！ Data too long for column 'color' at row 1
修改id为4 的店铺信息
更新距离信息失败！ Data too long for column 'color' at row 1
修改id为4 的店铺信息
更新距离信息失败！ Data too long for column 'color' at row 1
修改id为4 的店铺信息
更新距离信息失败！ Data too long for column 'color' at row 1
查看所有店铺信息！执行查找所有shop成功！
执行查找所有店铺成功！共查到 4 个店铺
修改id为4 的店铺信息
更新距离信息成功！
查看所有店铺信息！执行查找所有shop成功！
执行查找所有店铺成功！共查到 4 个店铺
修改id为4 的店铺信息
更新距离信息成功！
查看所有店铺信息！执行查找所有shop成功！
执行查找所有店铺成功！共查到 4 个店铺
查看所有店铺信息！执行查找所有shop成功！
执行查找所有店铺成功！共查到 4 个店铺
查看所有店铺信息！执行查找所有shop成功！
执行查找所有店铺成功！共查到 4 个店铺
查看所有店铺信息！执行查找所有shop成功！
执行查找所有店铺成功！共查到 4 个店铺
删除id为4的店铺信息
删除成功！
查看所有店铺信息！执行查找所有shop成功！
执行查找所有店铺成功！共查到 3 个店铺
查看所有店铺信息！执行查找所有shop成功！
执行查找所有店铺成功！共查到 3 个店铺
查看所有店铺信息！执行查找所有shop成功！
执行查找所有店铺成功！共查到 3 个店铺
查看所有店铺信息！执行查找所有shop成功！
执行查找所有店铺成功！共查到 3 个店铺
查看所有店铺信息！执行查找所有shop成功！
执行查找所有店铺成功！共查到 3 个店铺
查看所有店铺信息！执行查找所有shop成功！
执行查找所有店铺成功！共查到 3 个店铺
查看所有店铺信息！执行查找所有shop成功！
执行查找所有店铺成功！共查到 3 个店铺
查看所有店铺信息！执行查找所有shop成功！
执行查找所有店铺成功！共查到 3 个店铺
查看所有店铺信息！执行查找所有shop成功！
执行查找所有店铺成功！共查到 3 个店铺
查看所有店铺信息！执行查找所有shop成功！
执行查找所有店铺成功！共查到 3 个店铺
查看所有店铺信息！执行查找所有shop成功！
执行查找所有店铺成功！共查到 3 个店铺
查看所有店铺信息！执行查找所有shop成功！
执行查找所有店铺成功！共查到 3 个店铺
查看所有店铺信息！执行查找所有shop成功！
执行查找所有店铺成功！共查到 3 个店铺
查看所有店铺信息！执行查找所有shop成功！
执行查找所有店铺成功！共查到 3 个店铺
查看所有店铺信息！执行查找所有shop成功！
执行查找所有店铺成功！共查到 3 个店铺
查看所有店铺信息！执行查找所有shop成功！
执行查找所有店铺成功！共查到 3 个店铺
查看所有店铺信息！执行查找所有shop成功！
执行查找所有店铺成功！共查到 3 个店铺
查看所有店铺信息！执行查找所有shop成功！
执行查找所有店铺成功！共查到 3 个店铺
查看所有店铺信息！执行查找所有shop成功！
执行查找所有店铺成功！共查到 3 个店铺
查看所有店铺信息！执行查找所有shop成功！
执行查找所有店铺成功！共查到 3 个店铺
查看所有店铺信息！执行查找所有shop成功！
执行查找所有店铺成功！共查到 3 个店铺
查看所有店铺信息！执行查找所有shop成功！
执行查找所有店铺成功！共查到 3 个店铺
查看所有店铺信息！执行查找所有shop成功！
执行查找所有店铺成功！共查到 3 个店铺
查看所有店铺信息！执行查找所有shop成功！
执行查找所有店铺成功！共查到 3 个店铺
查看所有店铺信息！执行查找所有shop成功！
执行查找所有店铺成功！共查到 3 个店铺
查看所有店铺信息！执行查找所有shop成功！
执行查找所有店铺成功！共查到 3 个店铺
执行插入位置成功！
插入成功！
查看所有店铺信息！执行查找所有shop成功！
执行查找所有店铺成功！共查到 4 个店铺
修改id为1 的店铺信息
更新距离信息成功！
查看所有店铺信息！执行查找所有shop成功！
执行查找所有店铺成功！共查到 4 个店铺
查看所有店铺信息！执行查找所有shop成功！
执行查找所有店铺成功！共查到 4 个店铺
查看所有店铺信息！执行查找所有shop成功！
执行查找所有店铺成功！共查到 4 个店铺
查看所有店铺信息！执行查找所有shop成功！
执行查找所有店铺成功！共查到 4 个店铺
查看所有店铺信息！执行查找所有shop成功！
执行查找所有店铺成功！共查到 4 个店铺
查看所有店铺信息！执行查找所有shop成功！
执行查找所有店铺成功！共查到 4 个店铺
查看所有店铺信息！执行查找所有shop成功！
执行查找所有店铺成功！共查到 4 个店铺
修改id为5 的店铺信息
更新距离信息成功！
查看所有店铺信息！执行查找所有shop成功！
执行查找所有店铺成功！共查到 4 个店铺
修改id为5 的店铺信息
更新距离信息成功！
查看所有店铺信息！执行查找所有shop成功！
执行查找所有店铺成功！共查到 4 个店铺
查看所有店铺信息！执行查找所有shop成功！
执行查找所有店铺成功！共查到 4 个店铺
查看所有店铺信息！执行查找所有shop成功！
执行查找所有店铺成功！共查到 4 个店铺
查看所有店铺信息！执行查找所有shop成功！
执行查找所有店铺成功！共查到 4 个店铺
查看所有店铺信息！执行查找所有shop成功！
执行查找所有店铺成功！共查到 4 个店铺
查看所有店铺信息！执行查找所有shop成功！
执行查找所有店铺成功！共查到 4 个店铺
执行插入位置成功！
插入成功！
查看所有店铺信息！执行查找所有shop成功！
执行查找所有店铺成功！共查到 5 个店铺
执行插入位置成功！
插入成功！
查看所有店铺信息！执行查找所有shop成功！
执行查找所有店铺成功！共查到 6 个店铺
执行插入位置成功！
插入成功！
查看所有店铺信息！执行查找所有shop成功！
执行查找所有店铺成功！共查到 7 个店铺
查看所有店铺信息！执行查找所有shop成功！
执行查找所有店铺成功！共查到 7 个店铺
执行插入位置成功！
插入成功！
查看所有店铺信息！执行查找所有shop成功！
执行查找所有店铺成功！共查到 8 个店铺
查看所有店铺信息！执行查找所有shop成功！
执行查找所有店铺成功！共查到 8 个店铺
查看所有店铺信息！执行查找所有shop成功！
执行查找所有店铺成功！共查到 8 个店铺
查看所有店铺信息！执行查找所有shop成功！
执行查找所有店铺成功！共查到 8 个店铺
查看所有店铺信息！执行查找所有shop成功！
执行查找所有店铺成功！共查到 8 个店铺
执行插入位置成功！
插入成功！
查看所有店铺信息！执行查找所有shop成功！
执行查找所有店铺成功！共查到 9 个店铺
查看所有店铺信息！执行查找所有shop成功！
执行查找所有店铺成功！共查到 9 个店铺
查看所有店铺信息！执行查找所有shop成功！
执行查找所有店铺成功！共查到 9 个店铺
查看所有店铺信息！执行查找所有shop成功！
执行查找所有店铺成功！共查到 9 个店铺
查看所有店铺信息！执行查找所有shop成功！
执行查找所有店铺成功！共查到 9 个店铺
请求数据格式有误{"name":"西安工程大学","lng":0,"lat":0,"range_meter":1000,"color":"green"}
请求数据格式有误{"name":"西安工程大学","lng":0,"lat":0,"range_meter":1000,"color":"green"}
请求数据格式有误{"name":"西安工程大学","lng":0,"lat":0,"range_meter":1000,"color":"green"}
请求数据格式有误{"name":"西安工程大学","lng":0,"lat":0,"range_meter":1000,"color":"green"}
请求数据格式有误{"name":"西安工程大学","lng":0,"lat":0,"range_meter":1000,"color":"green"}
请求数据格式有误{"name":"西安工程大学","lng":0,"lat":0,"range_meter":1000,"color":"green"}
请求数据格式有误{"name":"西安工程大学","lng":0,"lat":0,"range_meter":1000,"color":"green"}
执行插入位置成功！
插入成功！
查看所有店铺信息！执行查找所有shop成功！
执行查找所有店铺成功！共查到 10 个店铺
查看所有店铺信息！执行查找所有shop成功！
执行查找所有店铺成功！共查到 10 个店铺
查看所有店铺信息！执行查找所有shop成功！
执行查找所有店铺成功！共查到 10 个店铺
查看所有店铺信息！执行查找所有shop成功！
执行查找所有店铺成功！共查到 10 个店铺
查看所有店铺信息！执行查找所有shop成功！
执行查找所有店铺成功！共查到 10 个店铺
删除id为7的店铺信息
删除成功！
查看所有店铺信息！执行查找所有shop成功！
执行查找所有店铺成功！共查到 9 个店铺
删除id为9的店铺信息
删除成功！
查看所有店铺信息！执行查找所有shop成功！
执行查找所有店铺成功！共查到 8 个店铺
查看所有店铺信息！执行查找所有shop成功！
执行查找所有店铺成功！共查到 8 个店铺
删除id为8的店铺信息
删除成功！
查看所有店铺信息！执行查找所有shop成功！
执行查找所有店铺成功！共查到 7 个店铺
查看所有店铺信息！执行查找所有shop成功！
执行查找所有店铺成功！共查到 7 个店铺
查看所有店铺信息！执行查找所有shop成功！
执行查找所有店铺成功！共查到 7 个店铺
查看所有店铺信息！执行查找所有shop成功！
执行查找所有店铺成功！共查到 7 个店铺
查看所有店铺信息！执行查找所有shop成功！
执行查找所有店铺成功！共查到 7 个店铺
查看所有店铺信息！执行查找所有shop成功！
执行查找所有店铺成功！共查到 7 个店铺
查看所有店铺信息！执行查找所有shop成功！
执行查找所有店铺成功！共查到 7 个店铺
执行插入位置成功！
插入成功！
查看所有店铺信息！执行查找所有shop成功！
执行查找所有店铺成功！共查到 8 个店铺
修改id为6 的店铺信息
更新距离信息成功！
查看所有店铺信息！执行查找所有shop成功！
执行查找所有店铺成功！共查到 8 个店铺
查看所有店铺信息！执行查找所有shop成功！
执行查找所有店铺成功！共查到 8 个店铺
执行插入位置成功！
插入成功！
查看所有店铺信息！执行查找所有shop成功！
执行查找所有店铺成功！共查到 9 个店铺
查看所有店铺信息！执行查找所有shop成功！
执行查找所有店铺成功！共查到 9 个店铺
查看所有店铺信息！执行查找所有shop成功！
执行查找所有店铺成功！共查到 9 个店铺
修改id为5 的店铺信息
更新距离信息成功！
查看所有店铺信息！执行查找所有shop成功！
执行查找所有店铺成功！共查到 9 个店铺
查看所有店铺信息！执行查找所有shop成功！
执行查找所有店铺成功！共查到 9 个店铺
删除id为11的店铺信息
删除成功！
查看所有店铺信息！执行查找所有shop成功！
执行查找所有店铺成功！共查到 8 个店铺
修改id为10 的店铺信息
更新距离信息成功！
查看所有店铺信息！执行查找所有shop成功！
执行查找所有店铺成功！共查到 8 个店铺
删除id为10的店铺信息
删除成功！
删除id为10的店铺信息
删除成功！
查看所有店铺信息！执行查找所有shop成功！
执行查找所有店铺成功！共查到 7 个店铺
修改id为5 的店铺信息
更新距离信息成功！
查看所有店铺信息！执行查找所有shop成功！
执行查找所有店铺成功！共查到 7 个店铺
查看所有店铺信息！执行查找所有shop成功！
执行查找所有店铺成功！共查到 7 个店铺
查看所有店铺信息！执行查找所有shop成功！
执行查找所有店铺成功！共查到 7 个店铺
查看所有店铺信息！执行查找所有shop成功！
执行查找所有店铺成功！共查到 7 个店铺
删除id为2的店铺信息
删除成功！
查看所有店铺信息！执行查找所有shop成功！
执行查找所有店铺成功！共查到 6 个店铺
删除id为12的店铺信息
删除成功！
查看所有店铺信息！执行查找所有shop成功！
执行查找所有店铺成功！共查到 5 个店铺
查看所有店铺信息！执行查找所有shop成功！
执行查找所有店铺成功！共查到 5 个店铺
修改id为13 的店铺信息
更新距离信息成功！
查看所有店铺信息！执行查找所有shop成功！
执行查找所有店铺成功！共查到 5 个店铺
查看所有店铺信息！执行查找所有shop成功！
执行查找所有店铺成功！共查到 5 个店铺
查看所有店铺信息！执行查找所有shop成功！
执行查找所有店铺成功！共查到 5 个店铺
查看所有店铺信息！执行查找所有shop成功！
执行查找所有店铺成功！共查到 5 个店铺
查看所有店铺信息！执行查找所有shop成功！
执行查找所有店铺成功！共查到 5 个店铺
查看所有店铺信息！执行查找所有shop成功！
执行查找所有店铺成功！共查到 5 个店铺
查看所有店铺信息！执行查找所有shop成功！
执行查找所有店铺成功！共查到 5 个店铺
查看所有店铺信息！执行查找所有shop成功！
执行查找所有店铺成功！共查到 5 个店铺
查看所有店铺信息！执行查找所有shop成功！
执行查找所有店铺成功！共查到 5 个店铺
查看所有店铺信息！执行查找所有shop成功！
执行查找所有店铺成功！共查到 5 个店铺
查看所有店铺信息！执行查找所有shop成功！
执行查找所有店铺成功！共查到 5 个店铺
查看所有店铺信息！执行查找所有shop成功！
执行查找所有店铺成功！共查到 5 个店铺
查看所有店铺信息！执行查找所有shop成功！
执行查找所有店铺成功！共查到 5 个店铺
查看所有店铺信息！执行查找所有shop成功！
执行查找所有店铺成功！共查到 5 个店铺
修改id为5 的店铺信息
更新距离信息成功！
查看所有店铺信息！执行查找所有shop成功！
执行查找所有店铺成功！共查到 5 个店铺
修改id为5 的店铺信息
更新距离信息成功！
查看所有店铺信息！执行查找所有shop成功！
执行查找所有店铺成功！共查到 5 个店铺
修改id为5 的店铺信息
更新距离信息成功！
查看所有店铺信息！执行查找所有shop成功！
执行查找所有店铺成功！共查到 5 个店铺
修改id为5 的店铺信息
更新距离信息成功！
查看所有店铺信息！执行查找所有shop成功！
执行查找所有店铺成功！共查到 5 个店铺
查看所有店铺信息！执行查找所有shop成功！
执行查找所有店铺成功！共查到 5 个店铺
查看所有店铺信息！执行查找所有shop成功！
执行查找所有店铺成功！共查到 5 个店铺
修改id为5 的店铺信息
更新距离信息成功！
查看所有店铺信息！执行查找所有shop成功！
执行查找所有店铺成功！共查到 5 个店铺
修改id为5 的店铺信息
更新距离信息成功！
查看所有店铺信息！执行查找所有shop成功！
执行查找所有店铺成功！共查到 5 个店铺
查看所有店铺信息！执行查找所有shop成功！
执行查找所有店铺成功！共查到 5 个店铺
删除id为5的店铺信息
删除成功！
查看所有店铺信息！执行查找所有shop成功！
执行查找所有店铺成功！共查到 4 个店铺
查看所有店铺信息！执行查找所有shop成功！
执行查找所有店铺成功！共查到 4 个店铺
执行插入位置成功！
插入成功！
查看所有店铺信息！执行查找所有shop成功！
执行查找所有店铺成功！共查到 5 个店铺
执行插入位置成功！
插入成功！
查看所有店铺信息！执行查找所有shop成功！
执行查找所有店铺成功！共查到 6 个店铺
执行插入位置成功！
插入成功！
查看所有店铺信息！执行查找所有shop成功！
执行查找所有店铺成功！共查到 7 个店铺
执行插入位置成功！
插入成功！
查看所有店铺信息！执行查找所有shop成功！
执行查找所有店铺成功！共查到 8 个店铺
执行插入位置成功！
插入成功！
查看所有店铺信息！执行查找所有shop成功！
执行查找所有店铺成功！共查到 9 个店铺
查看所有店铺信息！执行查找所有shop成功！
执行查找所有店铺成功！共查到 9 个店铺
查看所有店铺信息！执行查找所有shop成功！
执行查找所有店铺成功！共查到 9 个店铺
查看所有店铺信息！执行查找所有shop成功！
执行查找所有店铺成功！共查到 9 个店铺
查看所有店铺信息！执行查找所有shop成功！
执行查找所有店铺成功！共查到 9 个店铺
查看所有店铺信息！执行查找所有shop成功！
执行查找所有店铺成功！共查到 9 个店铺
查看所有店铺信息！执行查找所有shop成功！
执行查找所有店铺成功！共查到 9 个店铺
查看所有店铺信息！执行查找所有shop成功！
执行查找所有店铺成功！共查到 9 个店铺
查看所有店铺信息！执行查找所有shop成功！
执行查找所有店铺成功！共查到 9 个店铺
查看所有店铺信息！执行查找所有shop成功！
执行查找所有店铺成功！共查到 9 个店铺
查看所有店铺信息！执行查找所有shop成功！
执行查找所有店铺成功！共查到 9 个店铺
查看所有店铺信息！执行查找所有shop成功！
执行查找所有店铺成功！共查到 9 个店铺
查看所有店铺信息！执行查找所有shop成功！
执行查找所有店铺成功！共查到 9 个店铺
查看所有店铺信息！执行查找所有shop成功！
执行查找所有店铺成功！共查到 9 个店铺
执行插入位置成功！
插入成功！
查看所有店铺信息！执行查找所有shop成功！
执行查找所有店铺成功！共查到 10 个店铺
执行插入位置成功！
插入成功！
查看所有店铺信息！执行查找所有shop成功！
执行查找所有店铺成功！共查到 11 个店铺
执行插入位置成功！
插入成功！
查看所有店铺信息！执行查找所有shop成功！
执行查找所有店铺成功！共查到 12 个店铺
查看所有店铺信息！执行查找所有shop成功！
执行查找所有店铺成功！共查到 12 个店铺
查看所有店铺信息！执行查找所有shop成功！
执行查找所有店铺成功！共查到 12 个店铺
查看所有店铺信息！执行查找所有shop成功！
执行查找所有店铺成功！共查到 12 个店铺
执行插入位置成功！
插入成功！
查看所有店铺信息！执行查找所有shop成功！
执行查找所有店铺成功！共查到 13 个店铺
查看所有店铺信息！执行查找所有shop成功！
执行查找所有店铺成功！共查到 13 个店铺
查看所有店铺信息！执行查找所有shop成功！
执行查找所有店铺成功！共查到 13 个店铺
执行插入位置成功！
插入成功！
查看所有店铺信息！执行查找所有shop成功！
执行查找所有店铺成功！共查到 14 个店铺
删除id为23的店铺信息
删除成功！
查看所有店铺信息！执行查找所有shop成功！
执行查找所有店铺成功！共查到 13 个店铺
执行插入位置成功！
插入成功！
查看所有店铺信息！执行查找所有shop成功！
执行查找所有店铺成功！共查到 14 个店铺
修改id为24 的店铺信息
更新距离信息成功！
查看所有店铺信息！执行查找所有shop成功！
执行查找所有店铺成功！共查到 14 个店铺
修改id为24 的店铺信息
更新距离信息成功！
查看所有店铺信息！执行查找所有shop成功！
执行查找所有店铺成功！共查到 14 个店铺
查看所有店铺信息！执行查找所有shop成功！
执行查找所有店铺成功！共查到 14 个店铺
查看所有店铺信息！执行查找所有shop成功！
执行查找所有店铺成功！共查到 14 个店铺
修改id为3 的店铺信息
更新距离信息成功！
修改id为3 的店铺信息
更新距离信息成功！
查看所有店铺信息！执行查找所有shop成功！
执行查找所有店铺成功！共查到 14 个店铺
查看所有店铺信息！执行查找所有shop成功！
执行查找所有店铺成功！共查到 14 个店铺
查看所有店铺信息！执行查找所有shop成功！
执行查找所有店铺成功！共查到 14 个店铺
查看所有店铺信息！执行查找所有shop成功！
执行查找所有店铺成功！共查到 14 个店铺
查看所有店铺信息！执行查找所有shop成功！
执行查找所有店铺成功！共查到 14 个店铺
查看所有店铺信息！执行查找所有shop成功！
执行查找所有店铺成功！共查到 14 个店铺
查看所有店铺信息！执行查找所有shop成功！
执行查找所有店铺成功！共查到 14 个店铺
查看所有店铺信息！执行查找所有shop成功！
执行查找所有店铺成功！共查到 14 个店铺
查看所有店铺信息！执行查找所有shop成功！
执行查找所有店铺成功！共查到 14 个店铺
查看所有店铺信息！执行查找所有shop成功！
执行查找所有店铺成功！共查到 14 个店铺
查看所有店铺信息！执行查找所有shop成功！
执行查找所有店铺成功！共查到 14 个店铺
查看所有店铺信息！执行查找所有shop成功！
执行查找所有店铺成功！共查到 14 个店铺
查看所有店铺信息！执行查找所有shop成功！
执行查找所有店铺成功！共查到 14 个店铺
查看所有店铺信息！执行查找所有shop成功！
执行查找所有店铺成功！共查到 14 个店铺
查看所有店铺信息！执行查找所有shop成功！
执行查找所有店铺成功！共查到 14 个店铺
查看所有店铺信息！执行查找所有shop成功！
执行查找所有店铺成功！共查到 14 个店铺
查看所有店铺信息！执行查找所有shop成功！
执行查找所有店铺成功！共查到 14 个店铺
查看所有店铺信息！执行查找所有shop成功！
执行查找所有店铺成功！共查到 14 个店铺
查看所有店铺信息！执行查找所有shop成功！
执行查找所有店铺成功！共查到 14 个店铺
查看所有店铺信息！执行查找所有shop成功！
执行查找所有店铺成功！共查到 14 个店铺
查看所有店铺信息！执行查找所有shop成功！
执行查找所有店铺成功！共查到 14 个店铺
查看所有店铺信息！执行查找所有shop成功！
执行查找所有店铺成功！共查到 14 个店铺
查看所有店铺信息！执行查找所有shop成功！
执行查找所有店铺成功！共查到 14 个店铺
执行插入位置成功！
插入成功！
查看所有店铺信息！执行查找所有shop成功！
执行查找所有店铺成功！共查到 15 个店铺
查看所有店铺信息！执行查找所有shop成功