查找标签成功！
查看所有博客。
执行查找所有博客成功！
执行查找所有博客成功！共查到 19 条博客
查找标签成功！
查看所有博客。
执行查找所有博客成功！
执行查找所有博客成功！共查到 19 条博客
查找标签成功！
查看所有博客。
执行查找所有博客成功！
执行查找所有博客成功！共查到 19 条博客
查id 为21 的一篇博客
查到一条博客
查找标签成功！
查看所有博客。
执行查找所有博客成功！
执行查找所有博客成功！共查到 19 条博客
查找标签成功！
查看所有博客。
执行查找所有博客成功！
执行查找所有博客成功！共查到 19 条博客
查找标签成功！
查看所有博客。
执行查找所有博客成功！
执行查找所有博客成功！共查到 19 条博客
查找标签成功！
查找标签成功！
查看所有博客。
执行查找所有博客成功！
执行查找所有博客成功！共查到 19 条博客
查id 为21 的一篇博客
查到一条博客
查找标签成功！
查看所有博客。
执行查找所有博客成功！
执行查找所有博客成功！共查到 19 条博客
查id 为21 的一篇博客
查到一条博客
查id 为21 的一篇博客
查到一条博客
查id 为21 的一篇博客
查到一条博客
查找标签成功！
查看所有博客。
执行查找所有博客成功！
执行查找所有博客成功！共查到 19 条博客
查找标签成功！
查id 为21 的一篇博客
查到一条博客
查id 为21 的一篇博客
查到一条博客
查看所有博客。
执行查找所有博客成功！
执行查找所有博客成功！共查到 19 条博客
查找标签成功！
查看所有博客。
执行查找所有博客成功！
执行查找所有博客成功！共查到 19 条博客
查id 为21 的一篇博客
查到一条博客
查id 为1 的一篇博客
查到一条博客
查找标签成功！
查看所有博客。
执行查找所有博客成功！
执行查找所有博客成功！共查到 19 条博客
查id 为21 的一篇博客
查到一条博客
查找标签成功！
查看所有博客。
执行查找所有博客成功！
执行查找所有博客成功！共查到 19 条博客
查id 为21 的一篇博客
查到一条博客
查id 为14 的一篇博客
查到一条博客
查找标签成功！
查看所有博客。
执行查找所有博客成功！
执行查找所有博客成功！共查到 19 条博客
查id 为21 的一篇博客
查到一条博客
查找标签成功！
查看所有博客。
执行查找所有博客成功！
执行查找所有博客成功！共查到 19 条博客
查找标签成功！
查看所有博客。
执行查找所有博客成功！
执行查找所有博客成功！共查到 19 条博客
查找标签成功！
查看所有博客。
执行查找所有博客成功！
执行查找所有博客成功！共查到 19 条博客
查id 为21 的一篇博客
查到一条博客
查找标签成功！
查找标签成功！
查看所有博客。
执行查找所有博客成功！
执行查找所有博客成功！共查到 19 条博客
查id 为21 的一篇博客
查到一条博客
查找标签成功！
查看所有博客。
执行查找所有博客成功！
执行查找所有博客成功！共查到 19 条博客
修改id为21的博客！
更新博客成功！
修改id为21的博客！
更新博客成功！
修改id为21的博客！
更新博客成功！
修改id为21的博客！
更新博客成功！
修改id为21的博客！
更新博客成功！
修改id为21的博客！
更新博客成功！
修改id为21的博客！
更新博客成功！
修改id为21的博客！
更新博客成功！
查找标签成功！
查看所有博客。
执行查找所有博客成功！
执行查找所有博客成功！共查到 19 条博客
查找标签成功！
查看所有博客。
执行查找所有博客成功！
执行查找所有博客成功！共查到 19 条博客
查id 为21 的一篇博客
查到一条博客
修改id为21的博客！
更新博客成功！
查看所有博客。
执行查找所有博客成功！查找标签成功！
查看所有博客。
执行查找所有博客成功！
执行查找所有博客成功！共查到 19 条博客
查找标签成功！
查看所有博客。
执行查找所有博客成功！
执行查找所有博客成功！共查到 19 条博客
查看所有博客。
执行查找所有博客成功！
执行查找所有博客成功！共查到 19 条博客
查找标签成功！
查看所有博客。
执行查找所有博客成功！
执行查找所有博客成功！共查到 19 条博客
查id 为21 的一篇博客
查到一条博客
查找标签成功！
查看所有博客。
执行查找所有博客成功！
执行查找所有博客成功！共查到 19 条博客
查id 为21 的一篇博客
查到一条博客
查id 为21 的一篇博客
查到一条博客
查看所有博客。
执行查找所有博客成功！
执行查找所有博客成功！共查到 19 条博客
查id 为21 的一篇博客
查到一条博客
查看所有博客。
执行查找所有博客成功！
执行查找所有博客成功！共查到 19 条博客
查找标签成功！
查看所有博客。
执行查找所有博客成功！
执行查找所有博客成功！共查到 19 条博客
查找标签成功！
查看所有博客。
执行查找所有博客成功！
执行查找所有博客成功！共查到 19 条博客
查id 为20 的一篇博客
查到一条博客
查找标签成功！
查id 为21 的一篇博客
查到一条博客
查id 为21 的一篇博客
查到一条博客
查id 为17 的一篇博客
查到一条博客
查id 为7 的一篇博客
查到一条博客
查id 为21 的一篇博客
查到一条博客
查找标签成功！
查看所有博客。
执行查找所有博客成功！
执行查找所有博客成功！共查到 19 条博客
查id 为21 的一篇博客
查到一条博客
查id 为15 的一篇博客
查到一条博客
查找标签成功！
查看所有博客。
执行查找所有博客成功！
执行查找所有博客成功！共查到 19 条博客
查id 为21 的一篇博客
查到一条博客
查id 为20 的一篇博客
查到一条博客
查id 为16 的一篇博客
查到一条博客
查找标签成功！
查找标签成功！
查找标签成功！
查看所有博客。
执行查找所有博客成功！
执行查找所有博客成功！共查到 19 条博客
查id 为21 的一篇博客
查到一条博客
查id 为21 的一篇博客
查到一条博客
修改id为21的博客！
更新博客成功！
修改id为21的博客！
更新博客成功！
修改id为21的博客！
更新博客成功！
修改id为21的博客！
更新博客成功！
修改id为21的博客！
更新博客成功！
修改id为21的博客！
更新博客成功！
修改id为21的博客！
更新博客成功！
修改id为21的博客！
更新博客成功！
修改id为21的博客！
更新博客成功！
修改id为21的博客！
更新博客成功！
查找标签成功！
查找标签成功！
查看所有博客。
执行查找所有博客成功！
执行查找所有博客成功！共查到 19 条博客
查id 为18 的一篇博客
查到一条博客
查找标签成功！
查看所有博客。
执行查找所有博客成功！
执行查找所有博客成功！共查到 19 条博客
查找标签成功！
修改id为21的博客！
更新博客成功！
查看所有博客。
执行查找所有博客成功！
执行查找所有博客成功！共查到 19 条博客
查id 为20 的一篇博客
查到一条博客
查id 为21 的一篇博客
查到一条博客
查id 为18 的一篇博客
查到一条博客
查找标签成功！
查看所有博客。
执行查找所有博客成功！
执行查找所有博客成功！共查到 19 条博客
查看所有博客。
执行查找所有博客成功！
执行查找所有博客成功！共查到 19 条博客
查id 为21 的一篇博客
查到一条博客
查找标签成功！
查看所有博客。
执行查找所有博客成功！
执行查找所有博客成功！共查到 19 条博客
查找标签成功！
查找标签成功！
查看所有博客。
执行查找所有博客成功！
执行查找所有博